Using pre-set license
Built from '2020.2/staging' branch; Version is '2020.2.6f1 (8a2143876886) revision 9052483'; Using compiler version '192528614'; Build Type 'Release'
OS: 'Windows 10 Home Single Language; OS build 19042.804; Version 2009; 64bit' Language: 'en' Physical Memory: 16310 MB
BatchMode: 1, IsHumanControllingUs: 0, StartBugReporterOnCrash: 0, Is64bit: 1, IsPro: 0

 COMMAND LINE ARGUMENTS:
C:\Users\lucas\Documents\Unity Versions\2020.2.6f1\Editor\Unity.exe
-adb2
-batchMode
-noUpm
-name
AssetImportWorker0
-projectPath
D:/3dss13/Space Station 13 3D
-logFile
Logs/AssetImportWorker0.log
-srvPort
51834
Successfully changed project path to: D:/3dss13/Space Station 13 3D
D:/3dss13/Space Station 13 3D
Using Asset Import Pipeline V2.
Refreshing native plugins compatible for Editor in 19.65 ms, found 0 plugins.
Preloading 0 native plugins for Editor in 0.00 ms.
Initialize engine version: 2020.2.6f1 (8a2143876886)
[Subsystems] Discovering subsystems at path C:/Users/lucas/Documents/Unity Versions/2020.2.6f1/Editor/Data/Resources/UnitySubsystems
[Subsystems] Discovering subsystems at path D:/3dss13/Space Station 13 3D/Assets
GfxDevice: creating device client; threaded=0
Direct3D:
    Version:  Direct3D 11.0 [level 11.1]
    Renderer: NVIDIA GeForce GTX 1660 SUPER (ID=0x21c4)
    Vendor:   
    VRAM:     5991 MB
    Driver:   27.21.14.5671
Initialize mono
Mono path[0] = 'C:/Users/lucas/Documents/Unity Versions/2020.2.6f1/Editor/Data/Managed'
Mono path[1] = 'C:/Users/lucas/Documents/Unity Versions/2020.2.6f1/Editor/Data/MonoBleedingEdge/lib/mono/unityjit'
Mono config path = 'C:/Users/lucas/Documents/Unity Versions/2020.2.6f1/Editor/Data/MonoBleedingEdge/etc'
Using monoOptions --debugger-agent=transport=dt_socket,embedding=1,server=y,suspend=n,address=127.0.0.1:56400
Begin MonoManager ReloadAssembly
Registering precompiled unity dll's ...
Register platform support module: C:/Users/lucas/Documents/Unity Versions/2020.2.6f1/Editor/Data/PlaybackEngines/MacStandaloneSupport/UnityEditor.OSXStandalone.Extensions.dll
Register platform support module: C:/Users/lucas/Documents/Unity Versions/2020.2.6f1/Editor/Data/PlaybackEngines/WindowsStandaloneSupport/UnityEditor.WindowsStandalone.Extensions.dll
Register platform support module: C:/Users/lucas/Documents/Unity Versions/2020.2.6f1/Editor/Data/PlaybackEngines/LinuxStandaloneSupport/UnityEditor.LinuxStandalone.Extensions.dll
Registered in 0.002826 seconds.
Native extension for LinuxStandalone target not found
Native extension for WindowsStandalone target not found
Native extension for OSXStandalone target not found
Refreshing native plugins compatible for Editor in 19.61 ms, found 0 plugins.
Preloading 0 native plugins for Editor in 0.00 ms.
Invoked RoslynAnalysisRunner static constructor.
RoslynAnalysisRunner will not be running.
RoslynAnalysisRunner has terminated.
Mono: successfully reloaded assembly
- Completed reload, in  1.002 seconds
Platform modules already initialized, skipping
Registering precompiled user dll's ...
Registered in 0.000399 seconds.
Begin MonoManager ReloadAssembly
Native extension for LinuxStandalone target not found
Native extension for WindowsStandalone target not found
Native extension for OSXStandalone target not found
Refreshing native plugins compatible for Editor in 0.18 ms, found 0 plugins.
Preloading 0 native plugins for Editor in 0.00 ms.
Invoked RoslynAnalysisRunner static constructor.
RoslynAnalysisRunner will not be running.
RoslynAnalysisRunner has terminated.
Mono: successfully reloaded assembly
- Completed reload, in  0.627 seconds
Platform modules already initialized, skipping
========================================================================
Worker process is ready to serve import requests
Launched and connected shader compiler UnityShaderCompiler.exe after 0.04 seconds
Refreshing native plugins compatible for Editor in 0.27 ms, found 0 plugins.
Preloading 0 native plugins for Editor in 0.00 ms.
Unloading 1103 Unused Serialized files (Serialized files now loaded: 0)
System memory in use before: 56.6 MB.
System memory in use after: 56.7 MB.

Unloading 10 unused Assets to reduce memory usage. Loaded Objects now: 1544.
Total: 1.500100 ms (FindLiveObjects: 0.142100 ms CreateObjectMapping: 0.026200 ms MarkObjects: 1.261700 ms  DeleteObjects: 0.069200 ms)

========================================================================
Received Import Request.
  path: Assets
  artifactKey: Guid(00000000000000001000000000000000) Importer(815301076,1909f56bfc062723c751e8b465ee728b)
Start importing Assets using Guid(00000000000000001000000000000000) Importer(815301076,1909f56bfc062723c751e8b465ee728b)  -> (artifact id: 'f47cf443bddc682ac2de11ea429897ce') in 0.002961 seconds
  Import took 0.004352 seconds .

========================================================================
Received Import Request.
  Time since last request: 1.735797 seconds.
  path: Assets/mobs
  artifactKey: Guid(88f19acd42771284187772d9f1544560) Importer(815301076,1909f56bfc062723c751e8b465ee728b)
Start importing Assets/mobs using Guid(88f19acd42771284187772d9f1544560) Importer(815301076,1909f56bfc062723c751e8b465ee728b)  -> (artifact id: 'd5974bb001d8b58d320351e8ba0716cf') in 0.001600 seconds
  Import took 0.005876 seconds .

========================================================================
Received Import Request.
  Time since last request: 4.361194 seconds.
  path: Assets/objects
  artifactKey: Guid(174287d3ef9dc06448eb6a68183c551d) Importer(815301076,1909f56bfc062723c751e8b465ee728b)
Start importing Assets/objects using Guid(174287d3ef9dc06448eb6a68183c551d) Importer(815301076,1909f56bfc062723c751e8b465ee728b)  -> (artifact id: '6b53a3bc803a725d160ea81baa5231e5') in 0.001735 seconds
  Import took 0.009423 seconds .

========================================================================
Received Import Request.
  Time since last request: 5.577809 seconds.
  path: Assets/turf
  artifactKey: Guid(d476aa9a72f66df43b56700c6191fbf6) Importer(815301076,1909f56bfc062723c751e8b465ee728b)
Start importing Assets/turf using Guid(d476aa9a72f66df43b56700c6191fbf6) Importer(815301076,1909f56bfc062723c751e8b465ee728b)  -> (artifact id: 'a7ca8193ce7584a5ca474f1445621eec') in 0.001659 seconds
  Import took 0.007712 seconds .

========================================================================
Received Import Request.
  Time since last request: 13.883880 seconds.
  path: Assets/turf/doors
  artifactKey: Guid(6d38294a1b8ff7949a4afed4a0a58e50) Importer(815301076,1909f56bfc062723c751e8b465ee728b)
Start importing Assets/turf/doors using Guid(6d38294a1b8ff7949a4afed4a0a58e50) Importer(815301076,1909f56bfc062723c751e8b465ee728b)  -> (artifact id: '5a6ae3fe889fdd606b2dc2e2e4cfd61d') in 0.001866 seconds
  Import took 0.003810 seconds .

========================================================================
Received Import Request.
  Time since last request: 4.162449 seconds.
  path: Assets/turf/floors
  artifactKey: Guid(7563f30852c2b624c8064f1002d42f3d) Importer(815301076,1909f56bfc062723c751e8b465ee728b)
Start importing Assets/turf/floors using Guid(7563f30852c2b624c8064f1002d42f3d) Importer(815301076,1909f56bfc062723c751e8b465ee728b)  -> (artifact id: '5bda99733ced409bb70ca1e9fd140e58') in 0.001435 seconds
  Import took 0.012043 seconds .

========================================================================
Received Import Request.
  Time since last request: 5.588037 seconds.
  path: Assets/turf/walls
  artifactKey: Guid(0d3cba1ec5b4acf46a5e947fe23c4c3c) Importer(815301076,1909f56bfc062723c751e8b465ee728b)
Start importing Assets/turf/walls using Guid(0d3cba1ec5b4acf46a5e947fe23c4c3c) Importer(815301076,1909f56bfc062723c751e8b465ee728b)  -> (artifact id: 'e2ad94d584aa2e06d8f16b65e0c551c2') in 0.001589 seconds
  Import took 0.012012 seconds .

========================================================================
Received Import Request.
  Time since last request: 10.305232 seconds.
  path: Assets/turf/walls/wall.blend
  artifactKey: Guid(3bbcb6dc92352d64c9b644dc6b749e19) Importer(815301076,1909f56bfc062723c751e8b465ee728b)
Start importing Assets/turf/walls/wall.blend using Guid(3bbcb6dc92352d64c9b644dc6b749e19) Importer(815301076,1909f56bfc062723c751e8b465ee728b)  -> (artifact id: 'c7bec54c1014b97933046ef2158ecbb7') in 0.263895 seconds
  Import took 0.265933 seconds .

========================================================================
Received Import Request.
  Time since last request: 8.001027 seconds.
  path: Assets/turf/floors/iron_floor.blend
  artifactKey: Guid(75b45af550da78c4d8fead74f2ab7b9f) Importer(815301076,1909f56bfc062723c751e8b465ee728b)
Start importing Assets/turf/floors/iron_floor.blend using Guid(75b45af550da78c4d8fead74f2ab7b9f) Importer(815301076,1909f56bfc062723c751e8b465ee728b)  -> (artifact id: 'f8d6acdb346a71ba39a7da52cb310bfe') in 0.014052 seconds
  Import took 0.015928 seconds .

========================================================================
Received Import Request.
  Time since last request: 77.023327 seconds.
  path: Assets/Scenes
  artifactKey: Guid(7546a717fcd00584fa8baa4bf5fa0248) Importer(815301076,1909f56bfc062723c751e8b465ee728b)
Start importing Assets/Scenes using Guid(7546a717fcd00584fa8baa4bf5fa0248) Importer(815301076,1909f56bfc062723c751e8b465ee728b)  -> (artifact id: 'f961ed02fccdfd4f5f4b1b90e3e3eba9') in 0.001331 seconds
  Import took 0.002935 seconds .

========================================================================
Received Import Request.
  Time since last request: 7.407988 seconds.
  path: Assets/Z levels
  artifactKey: Guid(7546a717fcd00584fa8baa4bf5fa0248) Importer(815301076,1909f56bfc062723c751e8b465ee728b)
Start importing Assets/Z levels using Guid(7546a717fcd00584fa8baa4bf5fa0248) Importer(815301076,1909f56bfc062723c751e8b465ee728b)  -> (artifact id: 'd1cd0bb3d8b890e73f4b235c0e182ef5') in 0.001314 seconds
  Import took 0.002838 seconds .

========================================================================
Received Import Request.
  Time since last request: 19.487787 seconds.
  path: Assets/Z levels/SampleScene.unity
  artifactKey: Guid(9fc0d4010bbf28b4594072e72b8655ab) Importer(815301076,1909f56bfc062723c751e8b465ee728b)
Start importing Assets/Z levels/SampleScene.unity using Guid(9fc0d4010bbf28b4594072e72b8655ab) Importer(815301076,1909f56bfc062723c751e8b465ee728b)  -> (artifact id: '6c0d96e498f3f425048f0860a2a49f78') in 0.001755 seconds
  Import took 0.003552 seconds .

========================================================================
Received Import Request.
  Time since last request: 28.697361 seconds.
  path: Assets/Z levels/IceBox.unity
  artifactKey: Guid(9fc0d4010bbf28b4594072e72b8655ab) Importer(815301076,1909f56bfc062723c751e8b465ee728b)
Start importing Assets/Z levels/IceBox.unity using Guid(9fc0d4010bbf28b4594072e72b8655ab) Importer(815301076,1909f56bfc062723c751e8b465ee728b)  -> (artifact id: 'c3c5612fe1d45fa4a013da5ec2c4e547') in 0.001733 seconds
  Import took 0.003910 seconds .

========================================================================
Received Import Request.
  Time since last request: 31.010470 seconds.
  path: Assets/Z levels/IceBox.unity
  artifactKey: Guid(9fc0d4010bbf28b4594072e72b8655ab) Importer(815301076,1909f56bfc062723c751e8b465ee728b)
Start importing Assets/Z levels/IceBox.unity using Guid(9fc0d4010bbf28b4594072e72b8655ab) Importer(815301076,1909f56bfc062723c751e8b465ee728b)  -> (artifact id: '2a7a15bc5ade08a93cacb1cefde7f544') in 0.001534 seconds
  Import took 0.003262 seconds .

========================================================================
Received Import Request.
  Time since last request: 1.975559 seconds.
  path: Assets/Z levels/IceBox.unity
  artifactKey: Guid(9fc0d4010bbf28b4594072e72b8655ab) Importer(815301076,1909f56bfc062723c751e8b465ee728b)
Start importing Assets/Z levels/IceBox.unity using Guid(9fc0d4010bbf28b4594072e72b8655ab) Importer(815301076,1909f56bfc062723c751e8b465ee728b)  -> (artifact id: 'fc4b2e41088c66acfe88924504d84ec8') in 0.001587 seconds
  Import took 0.003315 seconds .

========================================================================
Received Import Request.
  Time since last request: 0.001131 seconds.
  path: Assets/Z levels/IceBox.unity
  artifactKey: Guid(9fc0d4010bbf28b4594072e72b8655ab) Importer(815301076,1909f56bfc062723c751e8b465ee728b)
Start importing Assets/Z levels/IceBox.unity using Guid(9fc0d4010bbf28b4594072e72b8655ab) Importer(815301076,1909f56bfc062723c751e8b465ee728b)  -> (artifact id: 'fc4b2e41088c66acfe88924504d84ec8') in 0.001588 seconds
  Import took 0.003647 seconds .

AssetImportWorkerClient::OnTransportError - code=2 error=End of file
